#
# A fatal error has been detected by the Java Runtime Environment:
#
#  Internal Error (javaClasses.cpp:126), pid=2944, tid=1000
#  fatal error: Invalid layout of preloaded class
#
# JRE version:  (8.0_25-b18) (build )
# Java VM: Java HotSpot(TM) 64-Bit Server VM (25.25-b02 mixed mode windows-amd64 compressed oops)
# Failed to write core dump. Minidumps are not enabled by default on client versions of Windows
#
# If you would like to submit a bug report, please visit:
#   http://bugreport.sun.com/bugreport/crash.jsp
#

---------------  T H R E A D  ---------------

Current thread (0x0000000002d90800):  JavaThread "Unknown thread" [_thread_in_vm, id=1000, stack(0x0000000002920000,0x0000000002a20000)]

Stack: [0x0000000002920000,0x0000000002a20000]
Native frames: (J=compiled Java code, j=interpreted, Vv=VM code, C=native code)
V  [jvm.dll+0x31667a]
V  [jvm.dll+0x267073]
V  [jvm.dll+0x267cb3]
V  [jvm.dll+0x25f536]
V  [jvm.dll+0x5e773]
V  [jvm.dll+0x5e863]
V  [jvm.dll+0x731ca]
V  [jvm.dll+0x73528]
V  [jvm.dll+0xe48b7]
V  [jvm.dll+0xe4c46]
V  [jvm.dll+0x1f9ae7]
V  [jvm.dll+0x22b2e4]
V  [jvm.dll+0x14d571]
C  [javaw.exe+0x20c6]
C  [javaw.exe+0xc9eb]
C  [javaw.exe+0xca7f]
C  [KERNEL32.DLL+0x1842]
C  [ntdll.dll+0x3f9d1]


---------------  P R O C E S S  ---------------

Java Threads: ( => current thread )

Other Threads:

=>0x0000000002d90800 (exited) JavaThread "Unknown thread" [_thread_in_vm, id=1000, stack(0x0000000002920000,0x0000000002a20000)]

VM state:not at safepoint (not fully initialized)

VM Mutex/Monitor currently owned by a thread: None

GC Heap History (0 events):
No events

Deoptimization events (0 events):
No events

Internal exceptions (0 events):
No events

Events (10 events):
Event: 0.013 loading class java/lang/CharSequence done
Event: 0.013 loading class java/lang/String done
Event: 0.013 loading class java/lang/Class
Event: 0.013 loading class java/lang/reflect/AnnotatedElement
Event: 0.013 loading class java/lang/reflect/AnnotatedElement done
Event: 0.013 loading class java/lang/reflect/GenericDeclaration
Event: 0.013 loading class java/lang/reflect/GenericDeclaration done
Event: 0.013 loading class java/lang/reflect/Type
Event: 0.013 loading class java/lang/reflect/Type done
Event: 0.014 loading class java/lang/Class done


Dynamic libraries:
0x000007f6550d0000 - 0x000007f655104000 	C:\Program Files\Java\jre1.8.0_25\bin\javaw.exe
0x000007f923fd0000 - 0x000007f92418e000 	C:\Windows\SYSTEM32\ntdll.dll
0x000007f9221a0000 - 0x000007f9222d7000 	C:\Windows\system32\KERNEL32.DLL
0x000007f921080000 - 0x000007f921174000 	C:\Windows\system32\KERNELBASE.dll
0x000007f923e70000 - 0x000007f923f4e000 	C:\Windows\system32\ADVAPI32.dll
0x000007f921dc0000 - 0x000007f921f0c000 	C:\Windows\system32\USER32.dll
0x000007f91ebc0000 - 0x000007f91ee2a000 	C:\Windows\WinSxS\amd64_microsoft.windows.common-controls_6595b64144ccf1df_6.0.9200.16579_none_418ab7ef718b27ef\COMCTL32.dll
0x000007f921690000 - 0x000007f921735000 	C:\Windows\system32\msvcrt.dll
0x000007f9214d0000 - 0x000007f921518000 	C:\Windows\SYSTEM32\sechost.dll
0x000007f9222f0000 - 0x000007f922435000 	C:\Windows\system32\RPCRT4.dll
0x000007f921c60000 - 0x000007f921da1000 	C:\Windows\system32\GDI32.dll
0x000007f9227d0000 - 0x000007f922809000 	C:\Windows\system32\IMM32.DLL
0x000007f9213b0000 - 0x000007f9214c6000 	C:\Windows\system32\MSCTF.dll
0x00000000640e0000 - 0x00000000641b2000 	C:\Program Files\Java\jre1.8.0_25\bin\msvcr100.dll
0x0000000064260000 - 0x0000000064aba000 	C:\Program Files\Java\jre1.8.0_25\bin\server\jvm.dll
0x000007f91b130000 - 0x000007f91b139000 	C:\Windows\SYSTEM32\WSOCK32.dll
0x000007f91dce0000 - 0x000007f91dd00000 	C:\Windows\SYSTEM32\WINMM.dll
0x000007f922980000 - 0x000007f922987000 	C:\Windows\system32\PSAPI.DLL
0x000007f921f10000 - 0x000007f921f68000 	C:\Windows\system32\WS2_32.dll
0x000007f91cca0000 - 0x000007f91ccd3000 	C:\Windows\SYSTEM32\WINMMBASE.dll
0x000007f921db0000 - 0x000007f921db9000 	C:\Windows\system32\NSI.dll
0x000007f920fd0000 - 0x000007f92101f000 	C:\Windows\SYSTEM32\cfgmgr32.dll
0x000007f9211a0000 - 0x000007f9211c2000 	C:\Windows\system32\DEVOBJ.dll
0x0000000064250000 - 0x000000006425f000 	C:\Program Files\Java\jre1.8.0_25\bin\verify.dll
0x0000000064220000 - 0x0000000064248000 	C:\Program Files\Java\jre1.8.0_25\bin\java.dll
0x0000000064200000 - 0x0000000064216000 	C:\Program Files\Java\jre1.8.0_25\bin\zip.dll
0x000007f912fb0000 - 0x000007f913113000 	C:\Windows\SYSTEM32\dbghelp.dll

VM Arguments:
jvm_args: -Dfile.encoding=Cp1252 -Xbootclasspath:D:\eclipse-dsl-luna-SR1-win32-x86_64\sdk\platforms\android-19\android.jar 
java_command: androidlisten.main1
java_class_path (initial): G:\workspace eclipse\androidexamplejoypad2\bin\classes;G:\workspace eclipse\androidexamplejoypad2\libs\android-support-v4.jar;G:\workspace eclipse\appcompat_v7\libs\android-support-v7-appcompat.jar;G:\workspace eclipse\appcompat_v7\bin\appcompat_v7.jar
Launcher Type: SUN_STANDARD

Environment Variables:
PATH=C:/Program Files/Java/jre1.8.0_25/bin/server;C:/Program Files/Java/jre1.8.0_25/bin;C:/Program Files/Java/jre1.8.0_25/lib/amd64;C:\ProgramData\Oracle\Java\javapath;C:\Windows\system32;C:\Windows;C:\Windows\System32\Wbem;C:\Windows\System32\WindowsPowerShell\v1.0\;C:\Program Files\Microsoft\Web Platform Installer\;C:\Program Files (x86)\Microsoft ASP.NET\ASP.NET Web Pages\v1.0\;C:\Program Files\Microsoft SQL Server\110\Tools\Binn\;C:\opencv\build\x86\vc10\bin;C:\Program Files (x86)\Windows Kits\8.0\Windows Performance Toolkit\;C:\Program Files (x86)\MySQL\MySQL Utilities 1.3.5\;C:\ProgramData\Oracle\Java\javapath;C:\Windows\system32;C:\Windows;C:\Windows\System32\Wbem;C:\Windows\System32\WindowsPowerShell\v1.0\;C:\Program Files\Microsoft\Web Platform Installer\;C:\Program Files (x86)\Microsoft ASP.NET\ASP.NET Web Pages\v1.0\;C:\Program Files (x86)\Windows Kits\8.0\Windows Performance Toolkit\;C:\Program Files\Microsoft SQL Server\110\Tools\Binn\;C:\opencv\build\x86\vc10\bin;D:\eclipse-dsl-luna-SR1-win32-x86_64\eclipse;
USERNAME=Music
OS=Windows_NT
PROCESSOR_IDENTIFIER=Intel64 Family 6 Model 37 Stepping 5, GenuineIntel



---------------  S Y S T E M  ---------------

OS: Windows 8 , 64 bit Build 9200 

CPU:total 4 (2 cores per cpu, 2 threads per core) family 6 model 37 stepping 5, cmov, cx8, fxsr, mmx, sse, sse2, sse3, ssse3, sse4.1, sse4.2, popcnt, ht, tsc, tscinvbit

Memory: 4k page, physical 3857108k(1412716k free), swap 4774612k(1805908k free)

vm_info: Java HotSpot(TM) 64-Bit Server VM (25.25-b02) for windows-amd64 JRE (1.8.0_25-b18), built on Oct  7 2014 14:25:37 by "java_re" with MS VC++ 10.0 (VS2010)

time: Wed Dec 10 12:34:06 2014
elapsed time: 0 seconds (0d 0h 0m 0s)

